<?xml version="1.0" encoding="UTF-8"?>
<testsuite xmlns:xsi="http://www.w3.org/2001/XMLSchema-instance" xsi:noNamespaceSchemaLocation="https://maven.apache.org/surefire/maven-surefire-plugin/xsd/surefire-test-report.xsd" version="3.0.2" name="co.wethinkcode.sentinel.security.AuthenticationServiceTest" time="0.794" tests="3" errors="0" skipped="0" failures="0">
  <properties>
[...]
</properties>
  <testcase name="shouldAllowCorrectLogin" classname="co.wethinkcode.sentinel.security.AuthenticationServiceTest" time="0.277">
    <system-out><![CDATA[User deleted successfully!
User saved successfully!
]]></system-out>
    <system-err><![CDATA[SLF4J(W): No SLF4J providers were found.
SLF4J(W): Defaulting to no-operation (NOP) logger implementation
SLF4J(W): See https://www.slf4j.org/codes.html#noProviders for further details.
]]></system-err>
  </testcase>
  <testcase name="shouldBlockAccountAfterFiveFailedAttempts" classname="co.wethinkcode.sentinel.security.AuthenticationServiceTest" time="0.379">
    <system-out><![CDATA[User deleted successfully!
User saved successfully!
Security event saved successfully!
Failed login attempts: 1
Security event saved successfully!
Failed login attempts: 2
Security event saved successfully!
Failed login attempts: 3
Security event saved successfully!
Failed login attempts: 4
Security event saved successfully!
Failed login attempts: 5
Security event saved successfully!
User account blocked!
🚨 BRUTE-FORCE ATTACK DETECTED!
🔒 ACCOUNT BLOCKED: attacker_test
Security event saved successfully!
🔒 BLOCKED LOGIN ATTEMPT: attacker_test
]]></system-out>
  </testcase>
  <testcase name="shouldRejectWrongPassword" classname="co.wethinkcode.sentinel.security.AuthenticationServiceTest" time="0.123">
    <system-out><![CDATA[User deleted successfully!
User saved successfully!
Security event saved successfully!
Failed login attempts: 1
]]></system-out>
  </testcase>
</testsuite>